<?xml version="1.0" encoding="UTF-8"?>
<!-- Generated by org.testng.reporters.JUnitReportReporter -->
<testsuite skipped="0" hostname="admin-PC" name="Habitos_QA_ERP.HBERP.Login" tests="3" failures="0" timestamp="02 May 2019 12:48:34 GMT" time="11.902" errors="0">
  <testcase name="Invalid_Login" time="1.422" classname="Habitos_QA_ERP.HBERP.Login"/>
  <testcase name="Invalid_Login1" time="0.899" classname="Habitos_QA_ERP.HBERP.Login"/>
  <testcase name="Valid_Login" time="9.581" classname="Habitos_QA_ERP.HBERP.Login"/>
</testsuite> <!-- Habitos_QA_ERP.HBERP.Login -->
