<?xml version="1.0" encoding="UTF-8"?>
<!-- Generated by org.testng.reporters.JUnitReportReporter -->
<testsuite skipped="0" hostname="admin-PC" name="Habitos_QA_ERP.HBERP.Login" tests="3" failures="0" timestamp="06 May 2019 11:30:18 GMT" time="15.583" errors="0">
  <testcase name="Invalid_Login" time="2.706" classname="Habitos_QA_ERP.HBERP.Login"/>
  <testcase name="Invalid_Login1" time="1.949" classname="Habitos_QA_ERP.HBERP.Login"/>
  <testcase name="Valid_Login" time="10.928" classname="Habitos_QA_ERP.HBERP.Login"/>
</testsuite> <!-- Habitos_QA_ERP.HBERP.Login -->
